frontend/pdf_man/build/app/intermediates/manifest_merge_blame_file/debug/manifest-merger-blame-debug-report.txt
1<?xml version="1.0" encoding="utf-8"?>
2<manifest xmlns:android="http://schemas.android.com/apk/res/android"
3    package="com.example.pdf_man"
4    android:versionCode="1"
5    android:versionName="1.0.0" >
6
7    <uses-sdk
8        android:minSdkVersion="19"
9        android:targetSdkVersion="33" />
10    <!--
11         The INTERNET permission is required for development. Specifically,
12         the Flutter tool needs it to communicate with the running application
13         to allow setting breakpoints, to provide hot reload, etc.
14    -->
15    <uses-permission android:name="android.permission.INTERNET" />
15-->src\debug\AndroidManifest.xml:6:5-66
15-->src\debug\AndroidManifest.xml:6:22-64
16    <!--
17     Required to query activities that can process text, see:
18         https://developer.android.com/training/package-visibility?hl=en and
19         https://developer.android.com/reference/android/content/Intent#ACTION_PROCESS_TEXT.
20
21         In particular, this is used by the Flutter engine in io.flutter.plugin.text.ProcessTextPlugin.
22    -->
23    <queries>
23-->src\main\AndroidManifest.xml:38:5-43:15
24        <intent>
24-->src\main\AndroidManifest.xml:39:9-42:18
25            <action android:name="android.intent.action.PROCESS_TEXT" />
25-->src\main\AndroidManifest.xml:40:13-72
25-->src\main\AndroidManifest.xml:40:21-70
26
27            <data android:mimeType="text/plain" />
27-->src\main\AndroidManifest.xml:41:13-50
27-->src\main\AndroidManifest.xml:41:19-48
28        </intent>
29        <intent>
29-->[:file_picker] AndroidManifest.xml:14:9-18:18
30            <action android:name="android.intent.action.GET_CONTENT" />
30-->[:file_picker] AndroidManifest.xml:15:13-72
30-->[:file_picker] AndroidManifest.xml:15:21-69
31
32            <data android:mimeType="*/*" />
32-->src\main\AndroidManifest.xml:41:13-50
32-->src\main\AndroidManifest.xml:41:19-48
33        </intent>
34    </queries>
35
36    <uses-permission
36-->[:file_picker] AndroidManifest.xml:9:5-11:38
37        android:name="android.permission.READ_EXTERNAL_STORAGE"
37-->[:file_picker] AndroidManifest.xml:10:9-64
38        android:maxSdkVersion="32" />
38-->[:file_picker] AndroidManifest.xml:11:9-35
39
40    <application
41        android:name="android.app.Application"
42        android:appComponentFactory="androidx.core.app.CoreComponentFactory"
42-->[androidx.core:core:1.6.0] AndroidManifest.xml:24:18-86
43        android:debuggable="true"
44        android:icon="@mipmap/ic_launcher"
45        android:label="pdf_man" >
46        <activity
47            android:name="com.example.pdf_man.MainActivity"
48            android:configChanges="orientation|keyboardHidden|keyboard|screenSize|smallestScreenSize|locale|layoutDirection|fontScale|screenLayout|density|uiMode"
49            android:exported="true"
50            android:hardwareAccelerated="true"
51            android:launchMode="singleTop"
52            android:theme="@style/LaunchTheme"
53            android:windowSoftInputMode="adjustResize" >
54
55            <!--
56                 Specifies an Android theme to apply to this Activity as soon as
57                 the Android process has started. This theme is visible to the user
58                 while the Flutter UI initializes. After that, this theme continues
59                 to determine the Window background behind the Flutter UI.
60            -->
61            <meta-data
62                android:name="io.flutter.embedding.android.NormalTheme"
63                android:resource="@style/NormalTheme" />
64
65            <intent-filter>
66                <action android:name="android.intent.action.MAIN" />
67
68                <category android:name="android.intent.category.LAUNCHER" />
69            </intent-filter>
70        </activity>
71        <!--
72             Don't delete the meta-data below.
73             This is used by the Flutter tool to generate GeneratedPluginRegistrant.java
74        -->
75        <meta-data
76            android:name="flutterEmbedding"
77            android:value="2" />
78
79        <uses-library
79-->[androidx.window:window:1.0.0-beta04] AndroidManifest.xml:25:9-27:40
80            android:name="androidx.window.extensions"
80-->[androidx.window:window:1.0.0-beta04] AndroidManifest.xml:26:13-54
81            android:required="false" />
81-->[androidx.window:window:1.0.0-beta04] AndroidManifest.xml:27:13-37
82        <uses-library
82-->[androidx.window:window:1.0.0-beta04] AndroidManifest.xml:28:9-30:40
83            android:name="androidx.window.sidecar"
83-->[androidx.window:window:1.0.0-beta04] AndroidManifest.xml:29:13-51
84            android:required="false" />
84-->[androidx.window:window:1.0.0-beta04] AndroidManifest.xml:30:13-37
85    </application>
86
87</manifest>